Using pre-set license
Built from '2020.3/release' branch; Version is '2020.3.31f1 (6b54b7616050) revision 7034039'; Using compiler version '192528614'; Build Type 'Release'
OS: 'Windows 10  (10.0.19044) 64bit Core' Language: 'en' Physical Memory: 16351 MB
BatchMode: 1, IsHumanControllingUs: 0, StartBugReporterOnCrash: 0, Is64bit: 1, IsPro: 0

COMMAND LINE ARGUMENTS:
C:\Program Files\Unity\Hub\Editor\2020.3.31f1\Editor\Unity.exe
-adb2
-batchMode
-noUpm
-name
AssetImportWorker0
-projectPath
C:/Users/user/Games/gj22d
-logFile
Logs/AssetImportWorker0.log
-srvPort
56992
Successfully changed project path to: C:/Users/user/Games/gj22d
C:/Users/user/Games/gj22d
Using Asset Import Pipeline V2.
Refreshing native plugins compatible for Editor in 66.07 ms, found 2 plugins.
Preloading 0 native plugins for Editor in 0.00 ms.
Initialize engine version: 2020.3.31f1 (6b54b7616050)
[Subsystems] Discovering subsystems at path C:/Program Files/Unity/Hub/Editor/2020.3.31f1/Editor/Data/Resources/UnitySubsystems
[Subsystems] Discovering subsystems at path C:/Users/user/Games/gj22d/Assets
GfxDevice: creating device client; threaded=0
Direct3D:
    Version:  Direct3D 11.0 [level 11.1]
    Renderer: AMD Radeon R9 200 / HD 7900 Series (ID=0x6798)
    Vendor:   
    VRAM:     3051 MB
    Driver:   27.20.20903.8001
Initialize mono
Mono path[0] = 'C:/Program Files/Unity/Hub/Editor/2020.3.31f1/Editor/Data/Managed'
Mono path[1] = 'C:/Program Files/Unity/Hub/Editor/2020.3.31f1/Editor/Data/MonoBleedingEdge/lib/mono/unityjit'
Mono config path = 'C:/Program Files/Unity/Hub/Editor/2020.3.31f1/Editor/Data/MonoBleedingEdge/etc'
Using monoOptions --debugger-agent=transport=dt_socket,embedding=1,server=y,suspend=n,address=127.0.0.1:56640
Begin MonoManager ReloadAssembly
Registering precompiled unity dll's ...
Register platform support module: C:/Program Files/Unity/Hub/Editor/2020.3.31f1/Editor/Data/PlaybackEngines/WebGLSupport/UnityEditor.WebGL.Extensions.dll
Register platform support module: C:/Program Files/Unity/Hub/Editor/2020.3.31f1/Editor/Data/PlaybackEngines/WindowsStandaloneSupport/UnityEditor.WindowsStandalone.Extensions.dll
Registered in 0.004640 seconds.
Native extension for WindowsStandalone target not found
Native extension for WebGL target not found
Refreshing native plugins compatible for Editor in 57.84 ms, found 2 plugins.
Preloading 0 native plugins for Editor in 0.00 ms.
Mono: successfully reloaded assembly
- Completed reload, in  0.710 seconds
Domain Reload Profiling:
	ReloadAssembly (710ms)
		BeginReloadAssembly (87ms)
			ExecutionOrderSort (0ms)
			DisableScriptedObjects (0ms)
			BackupInstance (0ms)
			ReleaseScriptingObjects (0ms)
			CreateAndSetChildDomain (1ms)
		EndReloadAssembly (531ms)
			LoadAssemblies (84ms)
			RebuildTransferFunctionScriptingTraits (0ms)
			SetupTypeCache (176ms)
			ReleaseScriptCaches (0ms)
			RebuildScriptCaches (34ms)
			SetupLoadedEditorAssemblies (208ms)
				LogAssemblyErrors (0ms)
				InitializePlatformSupportModulesInManaged (6ms)
				SetLoadedEditorAssemblies (0ms)
				RefreshPlugins (58ms)
				BeforeProcessingInitializeOnLoad (16ms)
				ProcessInitializeOnLoadAttributes (97ms)
				ProcessInitializeOnLoadMethodAttributes (30ms)
				AfterProcessingInitializeOnLoad (0ms)
				EditorAssembliesLoaded (0ms)
			ExecutionOrderSort2 (0ms)
			AwakeInstancesAfterBackupRestoration (0ms)
Platform modules already initialized, skipping
Registering precompiled user dll's ...
Registered in 0.007545 seconds.
Begin MonoManager ReloadAssembly
Native extension for WindowsStandalone target not found
Native extension for WebGL target not found
Refreshing native plugins compatible for Editor in 0.61 ms, found 2 plugins.
Preloading 0 native plugins for Editor in 0.00 ms.
Mono: successfully reloaded assembly
- Completed reload, in  1.292 seconds
Domain Reload Profiling:
	ReloadAssembly (1293ms)
		BeginReloadAssembly (183ms)
			ExecutionOrderSort (0ms)
			DisableScriptedObjects (5ms)
			BackupInstance (0ms)
			ReleaseScriptingObjects (0ms)
			CreateAndSetChildDomain (20ms)
		EndReloadAssembly (1027ms)
			LoadAssemblies (135ms)
			RebuildTransferFunctionScriptingTraits (0ms)
			SetupTypeCache (341ms)
			ReleaseScriptCaches (1ms)
			RebuildScriptCaches (70ms)
			SetupLoadedEditorAssemblies (385ms)
				LogAssemblyErrors (0ms)
				InitializePlatformSupportModulesInManaged (7ms)
				SetLoadedEditorAssemblies (1ms)
				RefreshPlugins (1ms)
				BeforeProcessingInitializeOnLoad (109ms)
				ProcessInitializeOnLoadAttributes (244ms)
				ProcessInitializeOnLoadMethodAttributes (11ms)
				AfterProcessingInitializeOnLoad (13ms)
				EditorAssembliesLoaded (0ms)
			ExecutionOrderSort2 (0ms)
			AwakeInstancesAfterBackupRestoration (8ms)
Platform modules already initialized, skipping
========================================================================
Worker process is ready to serve import requests
Launched and connected shader compiler UnityShaderCompiler.exe after 0.08 seconds
Refreshing native plugins compatible for Editor in 0.59 ms, found 2 plugins.
Preloading 0 native plugins for Editor in 0.00 ms.
Unloading 2176 Unused Serialized files (Serialized files now loaded: 0)
System memory in use before: 97.6 MB.
System memory in use after: 97.7 MB.

Unloading 19 unused Assets to reduce memory usage. Loaded Objects now: 2610.
Total: 2.958100 ms (FindLiveObjects: 0.176300 ms CreateObjectMapping: 0.088400 ms MarkObjects: 2.608500 ms  DeleteObjects: 0.083500 ms)

AssetImportParameters requested are different than current active one (requested -> active):
  custom:framework-win-MediaFoundation: 216162199b28c13a410421893ffa2e32 -> 
  custom:video-decoder-ogg-theora: a1e56fd34408186e4bbccfd4996cb3dc -> 
  custom:container-muxer-webm: aa71ff27fc2769a1b78a27578f13a17b -> 
  custom:container-demuxer-webm: 4f35f7cbe854078d1ac9338744f61a02 -> 
  custom:container-demuxer-ogg: 62fdf1f143b41e24485cea50d1cbac27 -> 
  custom:video-encoder-webm-vp8: eb34c28f22e8b96e1ab97ce403110664 -> 
  custom:video-decoder-webm-vp8: 9c59270c3fd7afecdb556c50c9e8de78 -> 
  custom:audio-decoder-ogg-vorbis: bf7c407c2cedff20999df2af8eb42d56 -> 
  custom:audio-encoder-webm-vorbis: bf7c407c2cedff20999df2af8eb42d56 -> 
========================================================================
Received Import Request.
  path: Assets/Prefabs
  artifactKey: Guid(401d5e8aa01fa4f34b2ef24a1ebbf5b7) Importer(815301076,1909f56bfc062723c751e8b465ee728b)
Start importing Assets/Prefabs using Guid(401d5e8aa01fa4f34b2ef24a1ebbf5b7) Importer(815301076,1909f56bfc062723c751e8b465ee728b)  -> (artifact id: 'fde589bbc538f4a9035e0c448687bb44') in 0.011508 seconds 
========================================================================
Received Prepare
Registering precompiled user dll's ...
Registered in 0.009305 seconds.
Begin MonoManager ReloadAssembly
Native extension for WindowsStandalone target not found
Native extension for WebGL target not found
Refreshing native plugins compatible for Editor in 0.76 ms, found 3 plugins.
Preloading 0 native plugins for Editor in 0.00 ms.
Mono: successfully reloaded assembly
- Completed reload, in  1.282 seconds
Domain Reload Profiling:
	ReloadAssembly (1282ms)
		BeginReloadAssembly (145ms)
			ExecutionOrderSort (0ms)
			DisableScriptedObjects (5ms)
			BackupInstance (0ms)
			ReleaseScriptingObjects (0ms)
			CreateAndSetChildDomain (36ms)
		EndReloadAssembly (1056ms)
			LoadAssemblies (140ms)
			RebuildTransferFunctionScriptingTraits (0ms)
			SetupTypeCache (363ms)
			ReleaseScriptCaches (1ms)
			RebuildScriptCaches (58ms)
			SetupLoadedEditorAssemblies (394ms)
				LogAssemblyErrors (0ms)
				InitializePlatformSupportModulesInManaged (7ms)
				SetLoadedEditorAssemblies (1ms)
				RefreshPlugins (1ms)
				BeforeProcessingInitializeOnLoad (114ms)
				ProcessInitializeOnLoadAttributes (242ms)
				ProcessInitializeOnLoadMethodAttributes (15ms)
				AfterProcessingInitializeOnLoad (15ms)
				EditorAssembliesLoaded (0ms)
			ExecutionOrderSort2 (0ms)
			AwakeInstancesAfterBackupRestoration (8ms)
Platform modules already initialized, skipping
Refreshing native plugins compatible for Editor in 0.85 ms, found 3 plugins.
Preloading 0 native plugins for Editor in 0.00 ms.
Unloading 2620 Unused Serialized files (Serialized files now loaded: 0)
System memory in use before: 116.9 MB.
System memory in use after: 117.0 MB.

Unloading 21 unused Assets to reduce memory usage. Loaded Objects now: 3103.
Total: 3.304400 ms (FindLiveObjects: 0.238300 ms CreateObjectMapping: 0.118600 ms MarkObjects: 2.831800 ms  DeleteObjects: 0.114200 ms)

AssetImportParameters requested are different than current active one (requested -> active):
  custom:framework-win-MediaFoundation: 216162199b28c13a410421893ffa2e32 -> 
  custom:video-decoder-ogg-theora: a1e56fd34408186e4bbccfd4996cb3dc -> 
  custom:container-muxer-webm: aa71ff27fc2769a1b78a27578f13a17b -> 
  custom:container-demuxer-webm: 4f35f7cbe854078d1ac9338744f61a02 -> 
  custom:container-demuxer-ogg: 62fdf1f143b41e24485cea50d1cbac27 -> 
  custom:video-encoder-webm-vp8: eb34c28f22e8b96e1ab97ce403110664 -> 
  custom:video-decoder-webm-vp8: 9c59270c3fd7afecdb556c50c9e8de78 -> 
  custom:audio-decoder-ogg-vorbis: bf7c407c2cedff20999df2af8eb42d56 -> 
  custom:audio-encoder-webm-vorbis: bf7c407c2cedff20999df2af8eb42d56 -> 
========================================================================
Received Prepare
Registering precompiled user dll's ...
Registered in 0.007175 seconds.
Begin MonoManager ReloadAssembly
Native extension for WindowsStandalone target not found
Native extension for WebGL target not found
Refreshing native plugins compatible for Editor in 0.77 ms, found 3 plugins.
Preloading 0 native plugins for Editor in 0.00 ms.
Mono: successfully reloaded assembly
- Completed reload, in  1.334 seconds
Domain Reload Profiling:
	ReloadAssembly (1335ms)
		BeginReloadAssembly (163ms)
			ExecutionOrderSort (0ms)
			DisableScriptedObjects (5ms)
			BackupInstance (0ms)
			ReleaseScriptingObjects (0ms)
			CreateAndSetChildDomain (43ms)
		EndReloadAssembly (1087ms)
			LoadAssemblies (159ms)
			RebuildTransferFunctionScriptingTraits (0ms)
			SetupTypeCache (366ms)
			ReleaseScriptCaches (1ms)
			RebuildScriptCaches (61ms)
			SetupLoadedEditorAssemblies (403ms)
				LogAssemblyErrors (0ms)
				InitializePlatformSupportModulesInManaged (7ms)
				SetLoadedEditorAssemblies (1ms)
				RefreshPlugins (1ms)
				BeforeProcessingInitializeOnLoad (118ms)
				ProcessInitializeOnLoadAttributes (251ms)
				ProcessInitializeOnLoadMethodAttributes (12ms)
				AfterProcessingInitializeOnLoad (14ms)
				EditorAssembliesLoaded (0ms)
			ExecutionOrderSort2 (0ms)
			AwakeInstancesAfterBackupRestoration (12ms)
Platform modules already initialized, skipping
Refreshing native plugins compatible for Editor in 1.22 ms, found 3 plugins.
Preloading 0 native plugins for Editor in 0.00 ms.
Unloading 2630 Unused Serialized files (Serialized files now loaded: 0)
System memory in use before: 117.2 MB.
System memory in use after: 117.3 MB.

Unloading 21 unused Assets to reduce memory usage. Loaded Objects now: 3116.
Total: 3.838600 ms (FindLiveObjects: 0.219300 ms CreateObjectMapping: 0.117400 ms MarkObjects: 3.340700 ms  DeleteObjects: 0.159400 ms)

AssetImportParameters requested are different than current active one (requested -> active):
  custom:framework-win-MediaFoundation: 216162199b28c13a410421893ffa2e32 -> 
  custom:video-decoder-ogg-theora: a1e56fd34408186e4bbccfd4996cb3dc -> 
  custom:container-muxer-webm: aa71ff27fc2769a1b78a27578f13a17b -> 
  custom:container-demuxer-webm: 4f35f7cbe854078d1ac9338744f61a02 -> 
  custom:container-demuxer-ogg: 62fdf1f143b41e24485cea50d1cbac27 -> 
  custom:video-encoder-webm-vp8: eb34c28f22e8b96e1ab97ce403110664 -> 
  custom:video-decoder-webm-vp8: 9c59270c3fd7afecdb556c50c9e8de78 -> 
  custom:audio-decoder-ogg-vorbis: bf7c407c2cedff20999df2af8eb42d56 -> 
  custom:audio-encoder-webm-vorbis: bf7c407c2cedff20999df2af8eb42d56 -> 
========================================================================
Received Prepare
Registering precompiled user dll's ...
Registered in 0.008780 seconds.
Begin MonoManager ReloadAssembly
Native extension for WindowsStandalone target not found
Native extension for WebGL target not found
Refreshing native plugins compatible for Editor in 76.10 ms, found 3 plugins.
Preloading 0 native plugins for Editor in 0.00 ms.
Mono: successfully reloaded assembly
- Completed reload, in  1.552 seconds
Domain Reload Profiling:
	ReloadAssembly (1552ms)
		BeginReloadAssembly (149ms)
			ExecutionOrderSort (0ms)
			DisableScriptedObjects (6ms)
			BackupInstance (0ms)
			ReleaseScriptingObjects (0ms)
			CreateAndSetChildDomain (37ms)
		EndReloadAssembly (1306ms)
			LoadAssemblies (144ms)
			RebuildTransferFunctionScriptingTraits (0ms)
			SetupTypeCache (425ms)
			ReleaseScriptCaches (2ms)
			RebuildScriptCaches (74ms)
			SetupLoadedEditorAssemblies (496ms)
				LogAssemblyErrors (0ms)
				InitializePlatformSupportModulesInManaged (6ms)
				SetLoadedEditorAssemblies (0ms)
				RefreshPlugins (76ms)
				BeforeProcessingInitializeOnLoad (119ms)
				ProcessInitializeOnLoadAttributes (263ms)
				ProcessInitializeOnLoadMethodAttributes (13ms)
				AfterProcessingInitializeOnLoad (18ms)
				EditorAssembliesLoaded (0ms)
			ExecutionOrderSort2 (0ms)
			AwakeInstancesAfterBackupRestoration (13ms)
Platform modules already initialized, skipping
Refreshing native plugins compatible for Editor in 0.96 ms, found 3 plugins.
Preloading 0 native plugins for Editor in 0.00 ms.
Unloading 2691 Unused Serialized files (Serialized files now loaded: 0)
System memory in use before: 118.9 MB.
System memory in use after: 119.1 MB.

Unloading 21 unused Assets to reduce memory usage. Loaded Objects now: 3180.
Total: 4.171800 ms (FindLiveObjects: 0.228500 ms CreateObjectMapping: 0.123700 ms MarkObjects: 3.660100 ms  DeleteObjects: 0.157900 ms)

AssetImportParameters requested are different than current active one (requested -> active):
  custom:framework-win-MediaFoundation: 216162199b28c13a410421893ffa2e32 -> 
  custom:video-decoder-ogg-theora: a1e56fd34408186e4bbccfd4996cb3dc -> 
  custom:container-muxer-webm: aa71ff27fc2769a1b78a27578f13a17b -> 
  custom:container-demuxer-webm: 4f35f7cbe854078d1ac9338744f61a02 -> 
  custom:container-demuxer-ogg: 62fdf1f143b41e24485cea50d1cbac27 -> 
  custom:video-encoder-webm-vp8: eb34c28f22e8b96e1ab97ce403110664 -> 
  custom:video-decoder-webm-vp8: 9c59270c3fd7afecdb556c50c9e8de78 -> 
  custom:audio-decoder-ogg-vorbis: bf7c407c2cedff20999df2af8eb42d56 -> 
  custom:audio-encoder-webm-vorbis: bf7c407c2cedff20999df2af8eb42d56 -> 
========================================================================
Received Prepare
Registering precompiled user dll's ...
Registered in 0.010178 seconds.
Begin MonoManager ReloadAssembly
Native extension for WindowsStandalone target not found
Native extension for WebGL target not found
Refreshing native plugins compatible for Editor in 0.78 ms, found 3 plugins.
Preloading 0 native plugins for Editor in 0.00 ms.
Mono: successfully reloaded assembly
- Completed reload, in  1.672 seconds
Domain Reload Profiling:
	ReloadAssembly (1672ms)
		BeginReloadAssembly (367ms)
			ExecutionOrderSort (0ms)
			DisableScriptedObjects (8ms)
			BackupInstance (0ms)
			ReleaseScriptingObjects (0ms)
			CreateAndSetChildDomain (106ms)
		EndReloadAssembly (1189ms)
			LoadAssemblies (278ms)
			RebuildTransferFunctionScriptingTraits (0ms)
			SetupTypeCache (398ms)
			ReleaseScriptCaches (1ms)
			RebuildScriptCaches (64ms)
			SetupLoadedEditorAssemblies (432ms)
				LogAssemblyErrors (0ms)
				InitializePlatformSupportModulesInManaged (7ms)
				SetLoadedEditorAssemblies (1ms)
				RefreshPlugins (1ms)
				BeforeProcessingInitializeOnLoad (129ms)
				ProcessInitializeOnLoadAttributes (269ms)
				ProcessInitializeOnLoadMethodAttributes (11ms)
				AfterProcessingInitializeOnLoad (13ms)
				EditorAssembliesLoaded (0ms)
			ExecutionOrderSort2 (0ms)
			AwakeInstancesAfterBackupRestoration (10ms)
Platform modules already initialized, skipping
Refreshing native plugins compatible for Editor in 1.25 ms, found 3 plugins.
Preloading 0 native plugins for Editor in 0.00 ms.
Unloading 2779 Unused Serialized files (Serialized files now loaded: 0)
System memory in use before: 121.7 MB.
System memory in use after: 121.8 MB.

Unloading 22 unused Assets to reduce memory usage. Loaded Objects now: 3270.
Total: 3.132000 ms (FindLiveObjects: 0.234300 ms CreateObjectMapping: 0.119800 ms MarkObjects: 2.652000 ms  DeleteObjects: 0.124500 ms)

AssetImportParameters requested are different than current active one (requested -> active):
  custom:framework-win-MediaFoundation: 216162199b28c13a410421893ffa2e32 -> 
  custom:video-decoder-ogg-theora: a1e56fd34408186e4bbccfd4996cb3dc -> 
  custom:container-muxer-webm: aa71ff27fc2769a1b78a27578f13a17b -> 
  custom:container-demuxer-webm: 4f35f7cbe854078d1ac9338744f61a02 -> 
  custom:container-demuxer-ogg: 62fdf1f143b41e24485cea50d1cbac27 -> 
  custom:video-encoder-webm-vp8: eb34c28f22e8b96e1ab97ce403110664 -> 
  custom:video-decoder-webm-vp8: 9c59270c3fd7afecdb556c50c9e8de78 -> 
  custom:audio-decoder-ogg-vorbis: bf7c407c2cedff20999df2af8eb42d56 -> 
  custom:audio-encoder-webm-vorbis: bf7c407c2cedff20999df2af8eb42d56 -> 
========================================================================
Received Prepare
Registering precompiled user dll's ...
Registered in 0.008095 seconds.
Begin MonoManager ReloadAssembly
Native extension for WindowsStandalone target not found
Native extension for WebGL target not found
Refreshing native plugins compatible for Editor in 0.81 ms, found 3 plugins.
Preloading 0 native plugins for Editor in 0.00 ms.
Mono: successfully reloaded assembly
- Completed reload, in  1.395 seconds
Domain Reload Profiling:
	ReloadAssembly (1395ms)
		BeginReloadAssembly (157ms)
			ExecutionOrderSort (0ms)
			DisableScriptedObjects (6ms)
			BackupInstance (0ms)
			ReleaseScriptingObjects (0ms)
			CreateAndSetChildDomain (40ms)
		EndReloadAssembly (1134ms)
			LoadAssemblies (144ms)
			RebuildTransferFunctionScriptingTraits (0ms)
			SetupTypeCache (403ms)
			ReleaseScriptCaches (1ms)
			RebuildScriptCaches (59ms)
			SetupLoadedEditorAssemblies (425ms)
				LogAssemblyErrors (0ms)
				InitializePlatformSupportModulesInManaged (7ms)
				SetLoadedEditorAssemblies (1ms)
				RefreshPlugins (1ms)
				BeforeProcessingInitializeOnLoad (126ms)
				ProcessInitializeOnLoadAttributes (261ms)
				ProcessInitializeOnLoadMethodAttributes (17ms)
				AfterProcessingInitializeOnLoad (13ms)
				EditorAssembliesLoaded (0ms)
			ExecutionOrderSort2 (0ms)
			AwakeInstancesAfterBackupRestoration (10ms)
Platform modules already initialized, skipping
Refreshing native plugins compatible for Editor in 0.84 ms, found 3 plugins.
Preloading 0 native plugins for Editor in 0.00 ms.
Unloading 2819 Unused Serialized files (Serialized files now loaded: 0)
System memory in use before: 123.0 MB.
System memory in use after: 123.1 MB.

Unloading 22 unused Assets to reduce memory usage. Loaded Objects now: 3317.
Total: 3.220100 ms (FindLiveObjects: 0.219100 ms CreateObjectMapping: 0.120200 ms MarkObjects: 2.754900 ms  DeleteObjects: 0.124300 ms)

AssetImportParameters requested are different than current active one (requested -> active):
  custom:framework-win-MediaFoundation: 216162199b28c13a410421893ffa2e32 -> 
  custom:video-decoder-ogg-theora: a1e56fd34408186e4bbccfd4996cb3dc -> 
  custom:container-muxer-webm: aa71ff27fc2769a1b78a27578f13a17b -> 
  custom:container-demuxer-webm: 4f35f7cbe854078d1ac9338744f61a02 -> 
  custom:container-demuxer-ogg: 62fdf1f143b41e24485cea50d1cbac27 -> 
  custom:video-encoder-webm-vp8: eb34c28f22e8b96e1ab97ce403110664 -> 
  custom:video-decoder-webm-vp8: 9c59270c3fd7afecdb556c50c9e8de78 -> 
  custom:audio-decoder-ogg-vorbis: bf7c407c2cedff20999df2af8eb42d56 -> 
  custom:audio-encoder-webm-vorbis: bf7c407c2cedff20999df2af8eb42d56 -> 
========================================================================
Received Import Request.
  Time since last request: 295.539905 seconds.
  path: Assets/Prefabs/TimeBullet.prefab
  artifactKey: Guid(c5afa6a033713824496d36513befc579) Importer(815301076,1909f56bfc062723c751e8b465ee728b)
Start importing Assets/Prefabs/TimeBullet.prefab using Guid(c5afa6a033713824496d36513befc579) Importer(815301076,1909f56bfc062723c751e8b465ee728b)  -> (artifact id: '0d379c52202ae6056fa44c096a8dc091') in 0.142599 seconds 
========================================================================
Received Prepare
Registering precompiled user dll's ...
Registered in 0.007275 seconds.
Begin MonoManager ReloadAssembly
Native extension for WindowsStandalone target not found
Native extension for WebGL target not found
Refreshing native plugins compatible for Editor in 0.87 ms, found 3 plugins.
Preloading 0 native plugins for Editor in 0.00 ms.
Mono: successfully reloaded assembly
- Completed reload, in  1.327 seconds
Domain Reload Profiling:
	ReloadAssembly (1328ms)
		BeginReloadAssembly (159ms)
			ExecutionOrderSort (0ms)
			DisableScriptedObjects (7ms)
			BackupInstance (0ms)
			ReleaseScriptingObjects (0ms)
			CreateAndSetChildDomain (41ms)
		EndReloadAssembly (1069ms)
			LoadAssemblies (149ms)
			RebuildTransferFunctionScriptingTraits (0ms)
			SetupTypeCache (365ms)
			ReleaseScriptCaches (2ms)
			RebuildScriptCaches (59ms)
			SetupLoadedEditorAssemblies (393ms)
				LogAssemblyErrors (0ms)
				InitializePlatformSupportModulesInManaged (7ms)
				SetLoadedEditorAssemblies (1ms)
				RefreshPlugins (1ms)
				BeforeProcessingInitializeOnLoad (119ms)
				ProcessInitializeOnLoadAttributes (239ms)
				ProcessInitializeOnLoadMethodAttributes (12ms)
				AfterProcessingInitializeOnLoad (13ms)
				EditorAssembliesLoaded (0ms)
			ExecutionOrderSort2 (0ms)
			AwakeInstancesAfterBackupRestoration (15ms)
Platform modules already initialized, skipping
Refreshing native plugins compatible for Editor in 0.78 ms, found 3 plugins.
Preloading 0 native plugins for Editor in 0.00 ms.
Unloading 2819 Unused Serialized files (Serialized files now loaded: 0)
System memory in use before: 126.0 MB.
System memory in use after: 126.1 MB.

Unloading 22 unused Assets to reduce memory usage. Loaded Objects now: 3327.
Total: 3.653000 ms (FindLiveObjects: 0.217000 ms CreateObjectMapping: 0.120000 ms MarkObjects: 3.187800 ms  DeleteObjects: 0.126800 ms)

AssetImportParameters requested are different than current active one (requested -> active):
  custom:framework-win-MediaFoundation: 216162199b28c13a410421893ffa2e32 -> 
  custom:video-decoder-ogg-theora: a1e56fd34408186e4bbccfd4996cb3dc -> 
  custom:container-muxer-webm: aa71ff27fc2769a1b78a27578f13a17b -> 
  custom:container-demuxer-webm: 4f35f7cbe854078d1ac9338744f61a02 -> 
  custom:container-demuxer-ogg: 62fdf1f143b41e24485cea50d1cbac27 -> 
  custom:video-encoder-webm-vp8: eb34c28f22e8b96e1ab97ce403110664 -> 
  custom:video-decoder-webm-vp8: 9c59270c3fd7afecdb556c50c9e8de78 -> 
  custom:audio-decoder-ogg-vorbis: bf7c407c2cedff20999df2af8eb42d56 -> 
  custom:audio-encoder-webm-vorbis: bf7c407c2cedff20999df2af8eb42d56 -> 
========================================================================
Received Prepare
Registering precompiled user dll's ...
Registered in 0.007773 seconds.
Begin MonoManager ReloadAssembly
Native extension for WindowsStandalone target not found
Native extension for WebGL target not found
Refreshing native plugins compatible for Editor in 0.79 ms, found 3 plugins.
Preloading 0 native plugins for Editor in 0.00 ms.
Mono: successfully reloaded assembly
- Completed reload, in  1.298 seconds
Domain Reload Profiling:
	ReloadAssembly (1298ms)
		BeginReloadAssembly (146ms)
			ExecutionOrderSort (0ms)
			DisableScriptedObjects (7ms)
			BackupInstance (0ms)
			ReleaseScriptingObjects (0ms)
			CreateAndSetChildDomain (35ms)
		EndReloadAssembly (1061ms)
			LoadAssemblies (143ms)
			RebuildTransferFunctionScriptingTraits (0ms)
			SetupTypeCache (347ms)
			ReleaseScriptCaches (1ms)
			RebuildScriptCaches (60ms)
			SetupLoadedEditorAssemblies (401ms)
				LogAssemblyErrors (0ms)
				InitializePlatformSupportModulesInManaged (9ms)
				SetLoadedEditorAssemblies (1ms)
				RefreshPlugins (1ms)
				BeforeProcessingInitializeOnLoad (123ms)
				ProcessInitializeOnLoadAttributes (231ms)
				ProcessInitializeOnLoadMethodAttributes (21ms)
				AfterProcessingInitializeOnLoad (15ms)
				EditorAssembliesLoaded (0ms)
			ExecutionOrderSort2 (0ms)
			AwakeInstancesAfterBackupRestoration (12ms)
Platform modules already initialized, skipping
Refreshing native plugins compatible for Editor in 0.84 ms, found 3 plugins.
Preloading 0 native plugins for Editor in 0.00 ms.
Unloading 2819 Unused Serialized files (Serialized files now loaded: 0)
System memory in use before: 125.9 MB.
System memory in use after: 126.0 MB.

Unloading 22 unused Assets to reduce memory usage. Loaded Objects now: 3330.
Total: 3.859700 ms (FindLiveObjects: 0.229400 ms CreateObjectMapping: 0.120300 ms MarkObjects: 3.378900 ms  DeleteObjects: 0.129800 ms)

AssetImportParameters requested are different than current active one (requested -> active):
  custom:framework-win-MediaFoundation: 216162199b28c13a410421893ffa2e32 -> 
  custom:video-decoder-ogg-theora: a1e56fd34408186e4bbccfd4996cb3dc -> 
  custom:container-muxer-webm: aa71ff27fc2769a1b78a27578f13a17b -> 
  custom:container-demuxer-webm: 4f35f7cbe854078d1ac9338744f61a02 -> 
  custom:container-demuxer-ogg: 62fdf1f143b41e24485cea50d1cbac27 -> 
  custom:video-encoder-webm-vp8: eb34c28f22e8b96e1ab97ce403110664 -> 
  custom:video-decoder-webm-vp8: 9c59270c3fd7afecdb556c50c9e8de78 -> 
  custom:audio-decoder-ogg-vorbis: bf7c407c2cedff20999df2af8eb42d56 -> 
  custom:audio-encoder-webm-vorbis: bf7c407c2cedff20999df2af8eb42d56 -> 
========================================================================
Received Import Request.
  Time since last request: 376.646356 seconds.
  path: Assets/Scripts/Gameplay
  artifactKey: Guid(0bba7187774c442d68b0d24091d186a8) Importer(815301076,1909f56bfc062723c751e8b465ee728b)
Start importing Assets/Scripts/Gameplay using Guid(0bba7187774c442d68b0d24091d186a8) Importer(815301076,1909f56bfc062723c751e8b465ee728b)  -> (artifact id: '15ce641e6473cdeb5a4cdbc4bccd8548') in 0.011246 seconds 
========================================================================
Received Import Request.
  Time since last request: 4.410818 seconds.
  path: Assets/Scripts/Mechanics
  artifactKey: Guid(c827018a687f34a0296c5c7fdb8b9590) Importer(815301076,1909f56bfc062723c751e8b465ee728b)
Start importing Assets/Scripts/Mechanics using Guid(c827018a687f34a0296c5c7fdb8b9590) Importer(815301076,1909f56bfc062723c751e8b465ee728b)  -> (artifact id: '21d37dba2cde30e87e5944787dc64ca0') in 0.009322 seconds 
========================================================================
Received Import Request.
  Time since last request: 14.872427 seconds.
  path: Assets/Scripts/Mechanics/Bullet.cs
  artifactKey: Guid(e71c65a1e0d3d8146b1d6a7a18a3cb0a) Importer(815301076,1909f56bfc062723c751e8b465ee728b)
Start importing Assets/Scripts/Mechanics/Bullet.cs using Guid(e71c65a1e0d3d8146b1d6a7a18a3cb0a) Importer(815301076,1909f56bfc062723c751e8b465ee728b)  -> (artifact id: '07075db440e66f314ca3fa8f38fa1e75') in 0.059669 seconds 
========================================================================
Received Prepare
Registering precompiled user dll's ...
Registered in 0.008270 seconds.
Begin MonoManager ReloadAssembly
Native extension for WindowsStandalone target not found
Native extension for WebGL target not found
Refreshing native plugins compatible for Editor in 0.81 ms, found 3 plugins.
Preloading 0 native plugins for Editor in 0.00 ms.
Mono: successfully reloaded assembly
- Completed reload, in  1.325 seconds
Domain Reload Profiling:
	ReloadAssembly (1325ms)
		BeginReloadAssembly (163ms)
			ExecutionOrderSort (0ms)
			DisableScriptedObjects (7ms)
			BackupInstance (0ms)
			ReleaseScriptingObjects (0ms)
			CreateAndSetChildDomain (41ms)
		EndReloadAssembly (1082ms)
			LoadAssemblies (157ms)
			RebuildTransferFunctionScriptingTraits (0ms)
			SetupTypeCache (357ms)
			ReleaseScriptCaches (1ms)
			RebuildScriptCaches (62ms)
			SetupLoadedEditorAssemblies (403ms)
				LogAssemblyErrors (0ms)
				InitializePlatformSupportModulesInManaged (9ms)
				SetLoadedEditorAssemblies (1ms)
				RefreshPlugins (1ms)
				BeforeProcessingInitializeOnLoad (125ms)
				ProcessInitializeOnLoadAttributes (241ms)
				ProcessInitializeOnLoadMethodAttributes (13ms)
				AfterProcessingInitializeOnLoad (13ms)
				EditorAssembliesLoaded (0ms)
			ExecutionOrderSort2 (0ms)
			AwakeInstancesAfterBackupRestoration (11ms)
Platform modules already initialized, skipping
Refreshing native plugins compatible for Editor in 0.90 ms, found 3 plugins.
Preloading 0 native plugins for Editor in 0.00 ms.
Unloading 2820 Unused Serialized files (Serialized files now loaded: 0)
System memory in use before: 125.9 MB.
System memory in use after: 126.0 MB.

Unloading 22 unused Assets to reduce memory usage. Loaded Objects now: 3334.
Total: 3.341100 ms (FindLiveObjects: 0.244600 ms CreateObjectMapping: 0.122600 ms MarkObjects: 2.851400 ms  DeleteObjects: 0.121000 ms)

AssetImportParameters requested are different than current active one (requested -> active):
  custom:framework-win-MediaFoundation: 216162199b28c13a410421893ffa2e32 -> 
  custom:video-decoder-ogg-theora: a1e56fd34408186e4bbccfd4996cb3dc -> 
  custom:container-muxer-webm: aa71ff27fc2769a1b78a27578f13a17b -> 
  custom:container-demuxer-webm: 4f35f7cbe854078d1ac9338744f61a02 -> 
  custom:container-demuxer-ogg: 62fdf1f143b41e24485cea50d1cbac27 -> 
  custom:video-encoder-webm-vp8: eb34c28f22e8b96e1ab97ce403110664 -> 
  custom:video-decoder-webm-vp8: 9c59270c3fd7afecdb556c50c9e8de78 -> 
  custom:audio-decoder-ogg-vorbis: bf7c407c2cedff20999df2af8eb42d56 -> 
  custom:audio-encoder-webm-vorbis: bf7c407c2cedff20999df2af8eb42d56 -> 
========================================================================
Received Import Request.
  Time since last request: 11.707630 seconds.
  path: Assets/Prefabs/TimeBullet.prefab
  artifactKey: Guid(c5afa6a033713824496d36513befc579) Importer(815301076,1909f56bfc062723c751e8b465ee728b)
Start importing Assets/Prefabs/TimeBullet.prefab using Guid(c5afa6a033713824496d36513befc579) Importer(815301076,1909f56bfc062723c751e8b465ee728b)  -> (artifact id: 'b7cd9f6254ee10e344d3e59c690192bd') in 0.062908 seconds 
========================================================================
Received Prepare
Registering precompiled user dll's ...
Registered in 0.008168 seconds.
Begin MonoManager ReloadAssembly
Native extension for WindowsStandalone target not found
Native extension for WebGL target not found
Refreshing native plugins compatible for Editor in 0.79 ms, found 3 plugins.
Preloading 0 native plugins for Editor in 0.00 ms.
Mono: successfully reloaded assembly
- Completed reload, in  1.369 seconds
Domain Reload Profiling:
	ReloadAssembly (1370ms)
		BeginReloadAssembly (163ms)
			ExecutionOrderSort (0ms)
			DisableScriptedObjects (8ms)
			BackupInstance (0ms)
			ReleaseScriptingObjects (0ms)
			CreateAndSetChildDomain (40ms)
		EndReloadAssembly (1124ms)
			LoadAssemblies (158ms)
			RebuildTransferFunctionScriptingTraits (0ms)
			SetupTypeCache (362ms)
			ReleaseScriptCaches (1ms)
			RebuildScriptCaches (65ms)
			SetupLoadedEditorAssemblies (426ms)
				LogAssemblyErrors (0ms)
				InitializePlatformSupportModulesInManaged (8ms)
				SetLoadedEditorAssemblies (1ms)
				RefreshPlugins (1ms)
				BeforeProcessingInitializeOnLoad (131ms)
				ProcessInitializeOnLoadAttributes (259ms)
				ProcessInitializeOnLoadMethodAttributes (13ms)
				AfterProcessingInitializeOnLoad (13ms)
				EditorAssembliesLoaded (0ms)
			ExecutionOrderSort2 (0ms)
			AwakeInstancesAfterBackupRestoration (11ms)
Platform modules already initialized, skipping
Refreshing native plugins compatible for Editor in 0.79 ms, found 3 plugins.
Preloading 0 native plugins for Editor in 0.00 ms.
Unloading 2820 Unused Serialized files (Serialized files now loaded: 0)
System memory in use before: 126.0 MB.
System memory in use after: 126.1 MB.

Unloading 22 unused Assets to reduce memory usage. Loaded Objects now: 3338.
Total: 3.436100 ms (FindLiveObjects: 0.231200 ms CreateObjectMapping: 0.123700 ms MarkObjects: 2.956000 ms  DeleteObjects: 0.124200 ms)

AssetImportParameters requested are different than current active one (requested -> active):
  custom:framework-win-MediaFoundation: 216162199b28c13a410421893ffa2e32 -> 
  custom:video-decoder-ogg-theora: a1e56fd34408186e4bbccfd4996cb3dc -> 
  custom:container-muxer-webm: aa71ff27fc2769a1b78a27578f13a17b -> 
  custom:container-demuxer-webm: 4f35f7cbe854078d1ac9338744f61a02 -> 
  custom:container-demuxer-ogg: 62fdf1f143b41e24485cea50d1cbac27 -> 
  custom:video-encoder-webm-vp8: eb34c28f22e8b96e1ab97ce403110664 -> 
  custom:video-decoder-webm-vp8: 9c59270c3fd7afecdb556c50c9e8de78 -> 
  custom:audio-decoder-ogg-vorbis: bf7c407c2cedff20999df2af8eb42d56 -> 
  custom:audio-encoder-webm-vorbis: bf7c407c2cedff20999df2af8eb42d56 -> 
========================================================================
Received Prepare
Registering precompiled user dll's ...
Registered in 0.008632 seconds.
Begin MonoManager ReloadAssembly
Native extension for WindowsStandalone target not found
Native extension for WebGL target not found
Refreshing native plugins compatible for Editor in 0.81 ms, found 3 plugins.
Preloading 0 native plugins for Editor in 0.00 ms.
Mono: successfully reloaded assembly
- Completed reload, in  1.768 seconds
Domain Reload Profiling:
	ReloadAssembly (1769ms)
		BeginReloadAssembly (216ms)
			ExecutionOrderSort (0ms)
			DisableScriptedObjects (10ms)
			BackupInstance (0ms)
			ReleaseScriptingObjects (0ms)
			CreateAndSetChildDomain (54ms)
		EndReloadAssembly (1467ms)
			LoadAssemblies (192ms)
			RebuildTransferFunctionScriptingTraits (0ms)
			SetupTypeCache (476ms)
			ReleaseScriptCaches (2ms)
			RebuildScriptCaches (114ms)
			SetupLoadedEditorAssemblies (504ms)
				LogAssemblyErrors (0ms)
				InitializePlatformSupportModulesInManaged (9ms)
				SetLoadedEditorAssemblies (1ms)
				RefreshPlugins (1ms)
				BeforeProcessingInitializeOnLoad (150ms)
				ProcessInitializeOnLoadAttributes (314ms)
				ProcessInitializeOnLoadMethodAttributes (14ms)
				AfterProcessingInitializeOnLoad (15ms)
				EditorAssembliesLoaded (0ms)
			ExecutionOrderSort2 (0ms)
			AwakeInstancesAfterBackupRestoration (14ms)
Platform modules already initialized, skipping
Refreshing native plugins compatible for Editor in 0.79 ms, found 3 plugins.
Preloading 0 native plugins for Editor in 0.00 ms.
Unloading 2820 Unused Serialized files (Serialized files now loaded: 0)
System memory in use before: 126.0 MB.
System memory in use after: 126.1 MB.

Unloading 22 unused Assets to reduce memory usage. Loaded Objects now: 3341.
Total: 3.320100 ms (FindLiveObjects: 0.231600 ms CreateObjectMapping: 0.119800 ms MarkObjects: 2.837500 ms  DeleteObjects: 0.129800 ms)

AssetImportParameters requested are different than current active one (requested -> active):
  custom:framework-win-MediaFoundation: 216162199b28c13a410421893ffa2e32 -> 
  custom:video-decoder-ogg-theora: a1e56fd34408186e4bbccfd4996cb3dc -> 
  custom:container-muxer-webm: aa71ff27fc2769a1b78a27578f13a17b -> 
  custom:container-demuxer-webm: 4f35f7cbe854078d1ac9338744f61a02 -> 
  custom:container-demuxer-ogg: 62fdf1f143b41e24485cea50d1cbac27 -> 
  custom:video-encoder-webm-vp8: eb34c28f22e8b96e1ab97ce403110664 -> 
  custom:video-decoder-webm-vp8: 9c59270c3fd7afecdb556c50c9e8de78 -> 
  custom:audio-decoder-ogg-vorbis: bf7c407c2cedff20999df2af8eb42d56 -> 
  custom:audio-encoder-webm-vorbis: bf7c407c2cedff20999df2af8eb42d56 -> 
========================================================================
Received Import Request.
  Time since last request: 171.146720 seconds.
  path: Assets/Scripts/Mechanics/Bullet.cs
  artifactKey: Guid(e71c65a1e0d3d8146b1d6a7a18a3cb0a) Importer(815301076,1909f56bfc062723c751e8b465ee728b)
Start importing Assets/Scripts/Mechanics/Bullet.cs using Guid(e71c65a1e0d3d8146b1d6a7a18a3cb0a) Importer(815301076,1909f56bfc062723c751e8b465ee728b)  -> (artifact id: 'd8d24d31b6be9215e18d636169728ca9') in 0.008339 seconds 
========================================================================
Received Import Request.
  Time since last request: 3.122289 seconds.
  path: Assets/Scripts/Mechanics/Bullet.cs
  artifactKey: Guid(e71c65a1e0d3d8146b1d6a7a18a3cb0a) Importer(815301076,1909f56bfc062723c751e8b465ee728b)
Start importing Assets/Scripts/Mechanics/Bullet.cs using Guid(e71c65a1e0d3d8146b1d6a7a18a3cb0a) Importer(815301076,1909f56bfc062723c751e8b465ee728b)  -> (artifact id: '6345f4083893d14b960cec405a9884a7') in 0.004011 seconds 
========================================================================
Received Import Request.
  Time since last request: 41.719355 seconds.
  path: Assets/Scripts/Gameplay/EnemyDeath.cs
  artifactKey: Guid(372c5a0e9ae09479a837b93ab71d1e7a) Importer(815301076,1909f56bfc062723c751e8b465ee728b)
Start importing Assets/Scripts/Gameplay/EnemyDeath.cs using Guid(372c5a0e9ae09479a837b93ab71d1e7a) Importer(815301076,1909f56bfc062723c751e8b465ee728b)  -> (artifact id: 'a209f6c01bf985a6e21c06676f456bee') in 0.009163 seconds 
========================================================================
Received Import Request.
  Time since last request: 2.654944 seconds.
  path: Assets/Scripts/Player/PlayerCombat.cs
  artifactKey: Guid(60c3148903778e04492b1fe66f44f86c) Importer(815301076,1909f56bfc062723c751e8b465ee728b)
Start importing Assets/Scripts/Player/PlayerCombat.cs using Guid(60c3148903778e04492b1fe66f44f86c) Importer(815301076,1909f56bfc062723c751e8b465ee728b)  -> (artifact id: 'f2dccf6c213313af837dd7ae60f7949a') in 0.007966 seconds 
========================================================================
Received Prepare
Registering precompiled user dll's ...
Registered in 0.007481 seconds.
Begin MonoManager ReloadAssembly
Native extension for WindowsStandalone target not found
Native extension for WebGL target not found
Refreshing native plugins compatible for Editor in 0.82 ms, found 3 plugins.
Preloading 0 native plugins for Editor in 0.00 ms.
Mono: successfully reloaded assembly
- Completed reload, in  1.322 seconds
Domain Reload Profiling:
	ReloadAssembly (1322ms)
		BeginReloadAssembly (150ms)
			ExecutionOrderSort (0ms)
			DisableScriptedObjects (7ms)
			BackupInstance (0ms)
			ReleaseScriptingObjects (0ms)
			CreateAndSetChildDomain (39ms)
		EndReloadAssembly (1086ms)
			LoadAssemblies (155ms)
			RebuildTransferFunctionScriptingTraits (0ms)
			SetupTypeCache (369ms)
			ReleaseScriptCaches (1ms)
			RebuildScriptCaches (62ms)
			SetupLoadedEditorAssemblies (393ms)
				LogAssemblyErrors (0ms)
				InitializePlatformSupportModulesInManaged (7ms)
				SetLoadedEditorAssemblies (1ms)
				RefreshPlugins (1ms)
				BeforeProcessingInitializeOnLoad (121ms)
				ProcessInitializeOnLoadAttributes (238ms)
				ProcessInitializeOnLoadMethodAttributes (12ms)
				AfterProcessingInitializeOnLoad (13ms)
				EditorAssembliesLoaded (0ms)
			ExecutionOrderSort2 (0ms)
			AwakeInstancesAfterBackupRestoration (10ms)
Platform modules already initialized, skipping
Refreshing native plugins compatible for Editor in 0.83 ms, found 3 plugins.
Preloading 0 native plugins for Editor in 0.00 ms.
Unloading 2820 Unused Serialized files (Serialized files now loaded: 0)
System memory in use before: 126.0 MB.
System memory in use after: 126.1 MB.

Unloading 22 unused Assets to reduce memory usage. Loaded Objects now: 3344.
Total: 3.413300 ms (FindLiveObjects: 0.241800 ms CreateObjectMapping: 0.124000 ms MarkObjects: 2.904700 ms  DeleteObjects: 0.141500 ms)

AssetImportParameters requested are different than current active one (requested -> active):
  custom:framework-win-MediaFoundation: 216162199b28c13a410421893ffa2e32 -> 
  custom:video-decoder-ogg-theora: a1e56fd34408186e4bbccfd4996cb3dc -> 
  custom:container-muxer-webm: aa71ff27fc2769a1b78a27578f13a17b -> 
  custom:container-demuxer-webm: 4f35f7cbe854078d1ac9338744f61a02 -> 
  custom:container-demuxer-ogg: 62fdf1f143b41e24485cea50d1cbac27 -> 
  custom:video-encoder-webm-vp8: eb34c28f22e8b96e1ab97ce403110664 -> 
  custom:video-decoder-webm-vp8: 9c59270c3fd7afecdb556c50c9e8de78 -> 
  custom:audio-decoder-ogg-vorbis: bf7c407c2cedff20999df2af8eb42d56 -> 
  custom:audio-encoder-webm-vorbis: bf7c407c2cedff20999df2af8eb42d56 -> 
========================================================================
Received Import Request.
  Time since last request: 123.297247 seconds.
  path: Assets/Models/Warden2
  artifactKey: Guid(fa9cf394947f255468bd25af0c423c3e) Importer(815301076,1909f56bfc062723c751e8b465ee728b)
Start importing Assets/Models/Warden2 using Guid(fa9cf394947f255468bd25af0c423c3e) Importer(815301076,1909f56bfc062723c751e8b465ee728b)  -> (artifact id: 'ddda7b493741f9716c830c700bcca5d5') in 0.011254 seconds 
========================================================================
Received Import Request.
  Time since last request: 1.108833 seconds.
  path: Assets/Models
  artifactKey: Guid(766afb7acf56cbf46a593a6adb1f6d71) Importer(815301076,1909f56bfc062723c751e8b465ee728b)
Start importing Assets/Models using Guid(766afb7acf56cbf46a593a6adb1f6d71) Importer(815301076,1909f56bfc062723c751e8b465ee728b)  -> (artifact id: 'cbc608788f8b72470f35c1ca26127c58') in 0.007704 seconds 
========================================================================
Received Import Request.
  Time since last request: 6.669121 seconds.
  path: Assets/Models/Warden3
  artifactKey: Guid(e1c0c3db4bb72cb479ba7f02a671dfd3) Importer(815301076,1909f56bfc062723c751e8b465ee728b)
Start importing Assets/Models/Warden3 using Guid(e1c0c3db4bb72cb479ba7f02a671dfd3) Importer(815301076,1909f56bfc062723c751e8b465ee728b)  -> (artifact id: '96d9ac498a8aae84cdf2df119438d5a7') in 0.007930 seconds 
========================================================================
Received Import Request.
  Time since last request: 11.341404 seconds.
  path: Assets/Models/Warden3/Time Warden.prefab
  artifactKey: Guid(bfcc2553323ba144b9d9beb94e175cc1) Importer(815301076,1909f56bfc062723c751e8b465ee728b)
Start importing Assets/Models/Warden3/Time Warden.prefab using Guid(bfcc2553323ba144b9d9beb94e175cc1) Importer(815301076,1909f56bfc062723c751e8b465ee728b)  -> (artifact id: '4d3c57ddef0de894a3e0dfd53e8170c5') in 0.031661 seconds 
========================================================================
Received Import Request.
  Time since last request: 13.167575 seconds.
  path: Assets/Models/Warden3/Time Warden.prefab
  artifactKey: Guid(bfcc2553323ba144b9d9beb94e175cc1) Importer(815301076,1909f56bfc062723c751e8b465ee728b)
Start importing Assets/Models/Warden3/Time Warden.prefab using Guid(bfcc2553323ba144b9d9beb94e175cc1) Importer(815301076,1909f56bfc062723c751e8b465ee728b)  -> (artifact id: 'ff0379be069f33cccce5ad326516399f') in 0.010528 seconds 
========================================================================
Received Import Request.
  Time since last request: 9.662655 seconds.
  path: Assets/Mod Assets/2D Props/Ancient/Archway.prefab
  artifactKey: Guid(fe1f716c6b4cd4e4ba34d9c94101a9cd) Importer(815301076,1909f56bfc062723c751e8b465ee728b)
Start importing Assets/Mod Assets/2D Props/Ancient/Archway.prefab using Guid(fe1f716c6b4cd4e4ba34d9c94101a9cd) Importer(815301076,1909f56bfc062723c751e8b465ee728b)  -> (artifact id: 'ffa6532eebe1fcbf232a5db17ef1df42') in 0.107056 seconds 
========================================================================
Received Import Request.
  Time since last request: 0.000241 seconds.
  path: Assets/Mod Assets/Bounce Effect Prefabs/BouncyFireworks.prefab
  artifactKey: Guid(01739b94a2c17405c95abb982bdd4498) Importer(815301076,1909f56bfc062723c751e8b465ee728b)
Start importing Assets/Mod Assets/Bounce Effect Prefabs/BouncyFireworks.prefab using Guid(01739b94a2c17405c95abb982bdd4498) Importer(815301076,1909f56bfc062723c751e8b465ee728b)  -> (artifact id: '06861dbc83651441b226b44fba58cd4c') in 0.035539 seconds 
========================================================================
Received Import Request.
  Time since last request: 0.000251 seconds.
  path: Assets/Mod Assets/2D Props/Space/Asteroid.prefab
  artifactKey: Guid(00245def5afe91341a193d5e8b5f87bc) Importer(815301076,1909f56bfc062723c751e8b465ee728b)
Start importing Assets/Mod Assets/2D Props/Space/Asteroid.prefab using Guid(00245def5afe91341a193d5e8b5f87bc) Importer(815301076,1909f56bfc062723c751e8b465ee728b)  -> (artifact id: 'ea80e8d7d7ac2c09e61dd803cae0d5fc') in 0.028027 seconds 
========================================================================
Received Import Request.
  Time since last request: 0.000280 seconds.
  path: Assets/Mod Assets/Powerup Prefabs/Bouncepad.prefab
  artifactKey: Guid(dd00d6cc7f67e5e45afd4c44b776fd91) Importer(815301076,1909f56bfc062723c751e8b465ee728b)
Start importing Assets/Mod Assets/Powerup Prefabs/Bouncepad.prefab using Guid(dd00d6cc7f67e5e45afd4c44b776fd91) Importer(815301076,1909f56bfc062723c751e8b465ee728b)  -> (artifact id: '742d15dcbb4718da8175e2cd9d89af01') in 0.025661 seconds 
========================================================================
Received Import Request.
  Time since last request: 0.000231 seconds.
  path: Assets/Mod Assets/2D Props/Billboard Prefabs/BillboardBasic.prefab
  artifactKey: Guid(4091d26b994b6414cab06dc53284e1e9) Importer(815301076,1909f56bfc062723c751e8b465ee728b)
Start importing Assets/Mod Assets/2D Props/Billboard Prefabs/BillboardBasic.prefab using Guid(4091d26b994b6414cab06dc53284e1e9) Importer(815301076,1909f56bfc062723c751e8b465ee728b)  -> (artifact id: 'dd6157f9a4937bb616660600c6eaec3c') in 0.039505 seconds 
========================================================================
Received Import Request.
  Time since last request: 0.000224 seconds.
  path: Assets/Mod Assets/Bounce Effect Prefabs/BouncyGlowy.prefab
  artifactKey: Guid(e8ac9fddd495344dd969dab643f1506b) Importer(815301076,1909f56bfc062723c751e8b465ee728b)
Start importing Assets/Mod Assets/Bounce Effect Prefabs/BouncyGlowy.prefab using Guid(e8ac9fddd495344dd969dab643f1506b) Importer(815301076,1909f56bfc062723c751e8b465ee728b)  -> (artifact id: '57cab5674fa32de33f5649e3060e7927') in 0.018094 seconds 
========================================================================
Received Import Request.
  Time since last request: 0.000240 seconds.
  path: Assets/Mod Assets/2D Props/Billboard Prefabs/BillboardTall.prefab
  artifactKey: Guid(fe65a6c2ced93428d9720493d56c3177) Importer(815301076,1909f56bfc062723c751e8b465ee728b)
Start importing Assets/Mod Assets/2D Props/Billboard Prefabs/BillboardTall.prefab using Guid(fe65a6c2ced93428d9720493d56c3177) Importer(815301076,1909f56bfc062723c751e8b465ee728b)  -> (artifact id: '1bef5eec6ecf473e79cfe3da729b3a3b') in 0.033029 seconds 
========================================================================
Received Import Request.
  Time since last request: 0.000258 seconds.
  path: Assets/Mod Assets/2D Props/Billboard Prefabs/BillboardWide.prefab
  artifactKey: Guid(6f5ec856a365844f480cf909c68da8f6) Importer(815301076,1909f56bfc062723c751e8b465ee728b)
Start importing Assets/Mod Assets/2D Props/Billboard Prefabs/BillboardWide.prefab using Guid(6f5ec856a365844f480cf909c68da8f6) Importer(815301076,1909f56bfc062723c751e8b465ee728b)  -> (artifact id: 'eee399bbcc5b1c462f8681dc54d12456') in 0.033358 seconds 
========================================================================
Received Import Request.
  Time since last request: 1.691948 seconds.
  path: Assets/AstarPathfindingProject/ExampleScenes/Prefabs/MineBot/mine_bot@forward.FBX
  artifactKey: Guid(1da85f72a7a82bc4eabdbd8f0683bde2) Importer(815301076,1909f56bfc062723c751e8b465ee728b)
Start importing Assets/AstarPathfindingProject/ExampleScenes/Prefabs/MineBot/mine_bot@forward.FBX using Guid(1da85f72a7a82bc4eabdbd8f0683bde2) Importer(815301076,1909f56bfc062723c751e8b465ee728b)  -> (artifact id: '9ea68b19c98bd5eb40992a12626cb153') in 0.179929 seconds 
========================================================================
Received Import Request.
  Time since last request: 0.000280 seconds.
  path: Assets/Models/Warden/Time Warden.prefab
  artifactKey: Guid(17d1ad7940e983444bb0f4cf7adfb517) Importer(815301076,1909f56bfc062723c751e8b465ee728b)
Start importing Assets/Models/Warden/Time Warden.prefab using Guid(17d1ad7940e983444bb0f4cf7adfb517) Importer(815301076,1909f56bfc062723c751e8b465ee728b)  -> (artifact id: 'dfd07c2dc6f6244f59a729786f24e9d1') in 0.032346 seconds 
========================================================================
Received Import Request.
  Time since last request: 0.000262 seconds.
  path: Assets/Models/Warden2/Time Warden.prefab
  artifactKey: Guid(e41047d37b091804dbaf630e97b54344) Importer(815301076,1909f56bfc062723c751e8b465ee728b)
Start importing Assets/Models/Warden2/Time Warden.prefab using Guid(e41047d37b091804dbaf630e97b54344) Importer(815301076,1909f56bfc062723c751e8b465ee728b)  -> (artifact id: 'e3cc50bce9f89fae82e91ec7d06d829a') in 0.022925 seconds 
========================================================================
Received Import Request.
  Time since last request: 37.520853 seconds.
  path: Assets/Mod Assets/Bounce Effect Prefabs/BouncyLightning.prefab
  artifactKey: Guid(551743bdaa71a45fe84fd679e2ff0c3b) Importer(815301076,1909f56bfc062723c751e8b465ee728b)
Start importing Assets/Mod Assets/Bounce Effect Prefabs/BouncyLightning.prefab using Guid(551743bdaa71a45fe84fd679e2ff0c3b) Importer(815301076,1909f56bfc062723c751e8b465ee728b)  -> (artifact id: 'c319d9c5c7915fba1d7f44bbe07f2951') in 0.021312 seconds 
========================================================================
Received Import Request.
  Time since last request: 0.000312 seconds.
  path: Assets/Mod Assets/Bounce Effect Prefabs/BouncySparkly.prefab
  artifactKey: Guid(757c3553bc78148bab809d2e1d440dcf) Importer(815301076,1909f56bfc062723c751e8b465ee728b)
Start importing Assets/Mod Assets/Bounce Effect Prefabs/BouncySparkly.prefab using Guid(757c3553bc78148bab809d2e1d440dcf) Importer(815301076,1909f56bfc062723c751e8b465ee728b)  -> (artifact id: 'a3df22b054e3cf4300007c01ed0f36c1') in 0.016287 seconds 
========================================================================
Received Import Request.
  Time since last request: 0.000264 seconds.
  path: Assets/Mod Assets/2D Props/Nature/Cactus.prefab
  artifactKey: Guid(49056c16ab63e6e44a3b6e4a5479e072) Importer(815301076,1909f56bfc062723c751e8b465ee728b)
Start importing Assets/Mod Assets/2D Props/Nature/Cactus.prefab using Guid(49056c16ab63e6e44a3b6e4a5479e072) Importer(815301076,1909f56bfc062723c751e8b465ee728b)  -> (artifact id: '0712f9d9ab7da588f947d485b7de943d') in 0.024996 seconds 
========================================================================
Received Import Request.
  Time since last request: 0.000266 seconds.
  path: Assets/Prefabs/Button.prefab
  artifactKey: Guid(7177f94ecf0cf1043a4790c439edbad6) Importer(815301076,1909f56bfc062723c751e8b465ee728b)
Start importing Assets/Prefabs/Button.prefab using Guid(7177f94ecf0cf1043a4790c439edbad6) Importer(815301076,1909f56bfc062723c751e8b465ee728b)  -> (artifact id: '990683633a325d4816459e55ddf7e8f7') in 0.080622 seconds 
========================================================================
Received Import Request.
  Time since last request: 0.000294 seconds.
  path: Assets/Mod Assets/2D Props/Nature/ChoppedTree.prefab
  artifactKey: Guid(dcc7f4eaccb6cb848835f97acab5b112) Importer(815301076,1909f56bfc062723c751e8b465ee728b)
Start importing Assets/Mod Assets/2D Props/Nature/ChoppedTree.prefab using Guid(dcc7f4eaccb6cb848835f97acab5b112) Importer(815301076,1909f56bfc062723c751e8b465ee728b)  -> (artifact id: 'b56bebccc75b29a805385b57b9a3b556') in 0.027414 seconds 
========================================================================
Received Import Request.
  Time since last request: 0.000304 seconds.
  path: Assets/Prefabs/CinemachineConfiner.prefab
  artifactKey: Guid(6f545478bd0fb7a478ed6f674a5210f5) Importer(815301076,1909f56bfc062723c751e8b465ee728b)
Start importing Assets/Prefabs/CinemachineConfiner.prefab using Guid(6f545478bd0fb7a478ed6f674a5210f5) Importer(815301076,1909f56bfc062723c751e8b465ee728b)  -> (artifact id: 'b26a954fda577ebee392df772a6c15ab') in 0.010774 seconds 
========================================================================
Received Import Request.
  Time since last request: 0.043531 seconds.
  path: Assets/Mod Assets/Particle Prefabs/ConfettiCelebration.prefab
  artifactKey: Guid(087ff866c6a14f841a4a77a4168eecc5) Importer(815301076,1909f56bfc062723c751e8b465ee728b)
Start importing Assets/Mod Assets/Particle Prefabs/ConfettiCelebration.prefab using Guid(087ff866c6a14f841a4a77a4168eecc5) Importer(815301076,1909f56bfc062723c751e8b465ee728b)  -> (artifact id: '3dad9de6f626375a48cab0fbf73c4273') in 0.022364 seconds 
========================================================================
Received Import Request.
  Time since last request: 0.000270 seconds.
  path: Assets/AstarPathfindingProject/ExampleScenes/Example12_Procedural/cylinder.fbx
  artifactKey: Guid(436b69414b04047fca3929c70df57c4f) Importer(815301076,1909f56bfc062723c751e8b465ee728b)
Start importing Assets/AstarPathfindingProject/ExampleScenes/Example12_Procedural/cylinder.fbx using Guid(436b69414b04047fca3929c70df57c4f) Importer(815301076,1909f56bfc062723c751e8b465ee728b)  -> (artifact id: 'd78314c1a81605b4a0e8310fd2218119') in 0.031793 seconds 
========================================================================
Received Import Request.
  Time since last request: 0.000385 seconds.
  path: Assets/AstarPathfindingProject/ExampleScenes/Prefabs/DynamicObstacle.prefab
  artifactKey: Guid(4267c4f7628024c018e8bd0acd298526) Importer(815301076,1909f56bfc062723c751e8b465ee728b)
Start importing Assets/AstarPathfindingProject/ExampleScenes/Prefabs/DynamicObstacle.prefab using Guid(4267c4f7628024c018e8bd0acd298526) Importer(815301076,1909f56bfc062723c751e8b465ee728b)  -> (artifact id: '727685247feb5461f700728685424614') in 0.028778 seconds 
========================================================================
Received Import Request.
  Time since last request: 0.000250 seconds.
  path: Assets/Prefabs/Enemy .prefab
  artifactKey: Guid(7e2359d2e90dcf84ba491057f6b2333f) Importer(815301076,1909f56bfc062723c751e8b465ee728b)
Start importing Assets/Prefabs/Enemy .prefab using Guid(7e2359d2e90dcf84ba491057f6b2333f) Importer(815301076,1909f56bfc062723c751e8b465ee728b)  -> (artifact id: '536cff12ce3cd98bc21a8290dfc6cdad') in 0.035909 seconds 
========================================================================
Received Import Request.
  Time since last request: 0.000320 seconds.
  path: Assets/Mod Assets/2D Props/Food/Donut.prefab
  artifactKey: Guid(b1c254a593a41bd44951a1fd01136f1d) Importer(815301076,1909f56bfc062723c751e8b465ee728b)
Start importing Assets/Mod Assets/2D Props/Food/Donut.prefab using Guid(b1c254a593a41bd44951a1fd01136f1d) Importer(815301076,1909f56bfc062723c751e8b465ee728b)  -> (artifact id: '01a35d3ea7f64991ca2d28d311fcd930') in 0.026076 seconds 
========================================================================
Received Import Request.
  Time since last request: 0.000248 seconds.
  path: Assets/Prefabs/Enemy.prefab
  artifactKey: Guid(f158aa2be3df6489185ef721f6fd79c1) Importer(815301076,1909f56bfc062723c751e8b465ee728b)
Start importing Assets/Prefabs/Enemy.prefab using Guid(f158aa2be3df6489185ef721f6fd79c1) Importer(815301076,1909f56bfc062723c751e8b465ee728b)  -> (artifact id: '765ba31146f1378442401faff44b5281') in 0.051792 seconds 
========================================================================
Received Import Request.
  Time since last request: 0.000229 seconds.
  path: Assets/Mod Assets/2D Props/Space/Crystal.prefab
  artifactKey: Guid(2475c644a7bc7774da72a4e443afe9ac) Importer(815301076,1909f56bfc062723c751e8b465ee728b)
Start importing Assets/Mod Assets/2D Props/Space/Crystal.prefab using Guid(2475c644a7bc7774da72a4e443afe9ac) Importer(815301076,1909f56bfc062723c751e8b465ee728b)  -> (artifact id: '0ab1ebea17f2f75229f73168fd18fc47') in 0.024181 seconds 
========================================================================
Received Import Request.
  Time since last request: 0.000233 seconds.
  path: Assets/Prefabs/Enemy  (1).prefab
  artifactKey: Guid(8e279e6f1bc03f44f9a0a33dac72acb7) Importer(815301076,1909f56bfc062723c751e8b465ee728b)
Start importing Assets/Prefabs/Enemy  (1).prefab using Guid(8e279e6f1bc03f44f9a0a33dac72acb7) Importer(815301076,1909f56bfc062723c751e8b465ee728b)  -> (artifact id: 'b040116a6b1350209dd53101be9dfe67') in 0.015449 seconds 
========================================================================
Received Import Request.
  Time since last request: 0.000234 seconds.
  path: Assets/Mod Assets/2D Props/Nature/FlowerBush.prefab
  artifactKey: Guid(41235e2b938a3ea40b02af6e6a8a7d30) Importer(815301076,1909f56bfc062723c751e8b465ee728b)
Start importing Assets/Mod Assets/2D Props/Nature/FlowerBush.prefab using Guid(41235e2b938a3ea40b02af6e6a8a7d30) Importer(815301076,1909f56bfc062723c751e8b465ee728b)  -> (artifact id: 'd7c7750a57d8921210c942aff1748058') in 0.024560 seconds 
========================================================================
Received Import Request.
  Time since last request: 0.000286 seconds.
  path: Assets/Mod Assets/2D Props/Nature/FirTree.prefab
  artifactKey: Guid(311a2f28e16c3fb4e964240be44c83b9) Importer(815301076,1909f56bfc062723c751e8b465ee728b)
Start importing Assets/Mod Assets/2D Props/Nature/FirTree.prefab using Guid(311a2f28e16c3fb4e964240be44c83b9) Importer(815301076,1909f56bfc062723c751e8b465ee728b)  -> (artifact id: '373924785eafb37a837868c28be1822f') in 0.025143 seconds 
========================================================================
Received Import Request.
  Time since last request: 0.000242 seconds.
  path: Assets/Mod Assets/2D Props/Food/Licorice.prefab
  artifactKey: Guid(18bef1f0270dd5f40836039210252a0e) Importer(815301076,1909f56bfc062723c751e8b465ee728b)
Start importing Assets/Mod Assets/2D Props/Food/Licorice.prefab using Guid(18bef1f0270dd5f40836039210252a0e) Importer(815301076,1909f56bfc062723c751e8b465ee728b)  -> (artifact id: '924474e2f77575302a5f21112da30416') in 0.024729 seconds 
========================================================================
Received Import Request.
  Time since last request: 0.000270 seconds.
  path: Assets/Mod Assets/2D Props/Food/GummyBear.prefab
  artifactKey: Guid(783659ba8cbf76441868ab3e3ad6e1ce) Importer(815301076,1909f56bfc062723c751e8b465ee728b)
Start importing Assets/Mod Assets/2D Props/Food/GummyBear.prefab using Guid(783659ba8cbf76441868ab3e3ad6e1ce) Importer(815301076,1909f56bfc062723c751e8b465ee728b)  -> (artifact id: '6fc78b0d40787ed52ce6c64b618601aa') in 0.026757 seconds 
========================================================================
Received Import Request.
  Time since last request: 0.000227 seconds.
  path: Assets/Mod Assets/2D Props/Food/Cookie.prefab
  artifactKey: Guid(02a7eb52a33a2de4fafd64660a1fe663) Importer(815301076,1909f56bfc062723c751e8b465ee728b)
Start importing Assets/Mod Assets/2D Props/Food/Cookie.prefab using Guid(02a7eb52a33a2de4fafd64660a1fe663) Importer(815301076,1909f56bfc062723c751e8b465ee728b)  -> (artifact id: '5ed6da04be9bb7e59eba5fb900141316') in 0.026452 seconds 
========================================================================
Received Import Request.
  Time since last request: 0.000263 seconds.
  path: Assets/AstarPathfindingProject/ExampleScenes/Example6_Navmesh/example6.fbx
  artifactKey: Guid(7fdfb9a3e0fdf4df880ebc7fa5f56398) Importer(815301076,1909f56bfc062723c751e8b465ee728b)
Start importing Assets/AstarPathfindingProject/ExampleScenes/Example6_Navmesh/example6.fbx using Guid(7fdfb9a3e0fdf4df880ebc7fa5f56398) Importer(815301076,1909f56bfc062723c751e8b465ee728b)  -> (artifact id: '0aa9573bcfbb00023e8bd8e6a533645e') in 0.029383 seconds 
========================================================================
Received Import Request.
  Time since last request: 1.312927 seconds.
  path: Assets/AstarPathfindingProject/ExampleScenes/Prefabs/MineBot/mine_bot@awake.FBX
  artifactKey: Guid(7e212db0aa2c00b448aa511ece336f20) Importer(815301076,1909f56bfc062723c751e8b465ee728b)
Start importing Assets/AstarPathfindingProject/ExampleScenes/Prefabs/MineBot/mine_bot@awake.FBX using Guid(7e212db0aa2c00b448aa511ece336f20) Importer(815301076,1909f56bfc062723c751e8b465ee728b)  -> (artifact id: '58e0ecf6a3ca5354d30bbabbd0db6520') in 0.091391 seconds 
========================================================================
Received Import Request.
  Time since last request: 11.410803 seconds.
  path: Assets/Models/Warden3/TimeWarden2.scml
  artifactKey: Guid(715f3f80598f06f4d9c6f62bc7fdf35a) Importer(815301076,1909f56bfc062723c751e8b465ee728b)
Start importing Assets/Models/Warden3/TimeWarden2.scml using Guid(715f3f80598f06f4d9c6f62bc7fdf35a) Importer(815301076,1909f56bfc062723c751e8b465ee728b)  -> (artifact id: '80e6c17ffd9a0f88700b6f0507d69910') in 0.015137 seconds 
AssetImportWorkerClient::OnTransportError - code=2 error=End of file
